{"/Users/mac/Documents/Rocketseat/03-api-solid/src/repositories/in-memory/in-memory-check-ins-repository.ts": {"path":"/Users/mac/Documents/Rocketseat/03-api-solid/src/repositories/in-memory/in-memory-check-ins-repository.ts","all":false,"statementMap":{"0":{"start":{"line":1,"column":0},"end":{"line":1,"column":73}},"1":{"start":{"line":2,"column":0},"end":{"line":2,"column":49}},"2":{"start":{"line":3,"column":0},"end":{"line":3,"column":26}},"3":{"start":{"line":4,"column":0},"end":{"line":4,"column":41}},"4":{"start":{"line":5,"column":0},"end":{"line":5,"column":0}},"5":{"start":{"line":6,"column":0},"end":{"line":6,"column":71}},"6":{"start":{"line":7,"column":0},"end":{"line":7,"column":31}},"7":{"start":{"line":8,"column":0},"end":{"line":8,"column":0}},"8":{"start":{"line":9,"column":0},"end":{"line":9,"column":56}},"9":{"start":{"line":10,"column":0},"end":{"line":10,"column":54}},"10":{"start":{"line":11,"column":0},"end":{"line":11,"column":50}},"11":{"start":{"line":12,"column":0},"end":{"line":12,"column":0}},"12":{"start":{"line":13,"column":0},"end":{"line":13,"column":60}},"13":{"start":{"line":14,"column":0},"end":{"line":14,"column":52}},"14":{"start":{"line":15,"column":0},"end":{"line":15,"column":26}},"15":{"start":{"line":16,"column":0},"end":{"line":16,"column":80}},"16":{"start":{"line":17,"column":0},"end":{"line":17,"column":56}},"17":{"start":{"line":18,"column":0},"end":{"line":18,"column":7}},"18":{"start":{"line":19,"column":0},"end":{"line":19,"column":0}},"19":{"start":{"line":20,"column":0},"end":{"line":20,"column":29}},"20":{"start":{"line":21,"column":0},"end":{"line":21,"column":18}},"21":{"start":{"line":22,"column":0},"end":{"line":22,"column":5}},"22":{"start":{"line":23,"column":0},"end":{"line":23,"column":29}},"23":{"start":{"line":24,"column":0},"end":{"line":24,"column":3}},"24":{"start":{"line":25,"column":0},"end":{"line":25,"column":0}},"25":{"start":{"line":26,"column":0},"end":{"line":26,"column":58}},"26":{"start":{"line":27,"column":0},"end":{"line":27,"column":21}},"27":{"start":{"line":28,"column":0},"end":{"line":28,"column":23}},"28":{"start":{"line":29,"column":0},"end":{"line":29,"column":28}},"29":{"start":{"line":30,"column":0},"end":{"line":30,"column":26}},"30":{"start":{"line":31,"column":0},"end":{"line":31,"column":75}},"31":{"start":{"line":32,"column":0},"end":{"line":32,"column":29}},"32":{"start":{"line":33,"column":0},"end":{"line":33,"column":6}},"33":{"start":{"line":34,"column":0},"end":{"line":34,"column":29}},"34":{"start":{"line":35,"column":0},"end":{"line":35,"column":0}},"35":{"start":{"line":36,"column":0},"end":{"line":36,"column":19}},"36":{"start":{"line":37,"column":0},"end":{"line":37,"column":3}},"37":{"start":{"line":38,"column":0},"end":{"line":38,"column":1}}},"s":{"0":1,"1":1,"2":1,"3":1,"4":1,"5":1,"6":4,"7":1,"8":1,"9":5,"10":5,"11":5,"12":5,"13":2,"14":2,"15":2,"16":2,"17":5,"18":5,"19":5,"20":4,"21":4,"22":1,"23":5,"24":1,"25":1,"26":4,"27":4,"28":4,"29":4,"30":4,"31":4,"32":4,"33":4,"34":4,"35":4,"36":4,"37":1},"branchMap":{"0":{"type":"branch","line":6,"loc":{"start":{"line":6,"column":7},"end":{"line":7,"column":31}},"locations":[{"start":{"line":6,"column":7},"end":{"line":7,"column":31}}]},"1":{"type":"branch","line":9,"loc":{"start":{"line":9,"column":2},"end":{"line":24,"column":3}},"locations":[{"start":{"line":9,"column":2},"end":{"line":24,"column":3}}]},"2":{"type":"branch","line":20,"loc":{"start":{"line":20,"column":28},"end":{"line":22,"column":5}},"locations":[{"start":{"line":20,"column":28},"end":{"line":22,"column":5}}]},"3":{"type":"branch","line":22,"loc":{"start":{"line":22,"column":4},"end":{"line":23,"column":29}},"locations":[{"start":{"line":22,"column":4},"end":{"line":23,"column":29}}]},"4":{"type":"branch","line":13,"loc":{"start":{"line":13,"column":46},"end":{"line":18,"column":5}},"locations":[{"start":{"line":13,"column":46},"end":{"line":18,"column":5}}]},"5":{"type":"branch","line":16,"loc":{"start":{"line":16,"column":41},"end":{"line":16,"column":80}},"locations":[{"start":{"line":16,"column":41},"end":{"line":16,"column":80}}]},"6":{"type":"branch","line":26,"loc":{"start":{"line":26,"column":2},"end":{"line":37,"column":3}},"locations":[{"start":{"line":26,"column":2},"end":{"line":37,"column":3}}]},"7":{"type":"branch","line":31,"loc":{"start":{"line":31,"column":25},"end":{"line":31,"column":70}},"locations":[{"start":{"line":31,"column":25},"end":{"line":31,"column":70}}]}},"b":{"0":[4],"1":[5],"2":[4],"3":[1],"4":[2],"5":[1],"6":[4],"7":[0]},"fnMap":{"0":{"name":"InMemoryCheckInsRepository","decl":{"start":{"line":6,"column":7},"end":{"line":7,"column":31}},"loc":{"start":{"line":6,"column":7},"end":{"line":7,"column":31}},"line":6},"1":{"name":"findByUserIdOnDate","decl":{"start":{"line":9,"column":2},"end":{"line":24,"column":3}},"loc":{"start":{"line":9,"column":2},"end":{"line":24,"column":3}},"line":9},"2":{"name":"create","decl":{"start":{"line":26,"column":2},"end":{"line":37,"column":3}},"loc":{"start":{"line":26,"column":2},"end":{"line":37,"column":3}},"line":26}},"f":{"0":4,"1":5,"2":4}}
,"/Users/mac/Documents/Rocketseat/03-api-solid/src/repositories/in-memory/in-memory-gyms-repository.ts": {"path":"/Users/mac/Documents/Rocketseat/03-api-solid/src/repositories/in-memory/in-memory-gyms-repository.ts","all":false,"statementMap":{"0":{"start":{"line":1,"column":0},"end":{"line":1,"column":45}},"1":{"start":{"line":2,"column":0},"end":{"line":2,"column":52}},"2":{"start":{"line":3,"column":0},"end":{"line":3,"column":36}},"3":{"start":{"line":4,"column":0},"end":{"line":4,"column":0}},"4":{"start":{"line":5,"column":0},"end":{"line":5,"column":63}},"5":{"start":{"line":6,"column":0},"end":{"line":6,"column":27}},"6":{"start":{"line":7,"column":0},"end":{"line":7,"column":30}},"7":{"start":{"line":8,"column":0},"end":{"line":8,"column":58}},"8":{"start":{"line":9,"column":0},"end":{"line":9,"column":0}},"9":{"start":{"line":10,"column":0},"end":{"line":10,"column":15}},"10":{"start":{"line":11,"column":0},"end":{"line":11,"column":18}},"11":{"start":{"line":12,"column":0},"end":{"line":12,"column":5}},"12":{"start":{"line":13,"column":0},"end":{"line":13,"column":15}},"13":{"start":{"line":14,"column":0},"end":{"line":14,"column":3}},"14":{"start":{"line":15,"column":0},"end":{"line":15,"column":0}},"15":{"start":{"line":16,"column":0},"end":{"line":16,"column":45}},"16":{"start":{"line":17,"column":0},"end":{"line":17,"column":17}},"17":{"start":{"line":18,"column":0},"end":{"line":18,"column":34}},"18":{"start":{"line":19,"column":0},"end":{"line":19,"column":24}},"19":{"start":{"line":20,"column":0},"end":{"line":20,"column":44}},"20":{"start":{"line":21,"column":0},"end":{"line":21,"column":32}},"21":{"start":{"line":22,"column":0},"end":{"line":22,"column":61}},"22":{"start":{"line":23,"column":0},"end":{"line":23,"column":63}},"23":{"start":{"line":24,"column":0},"end":{"line":24,"column":29}},"24":{"start":{"line":25,"column":0},"end":{"line":25,"column":6}},"25":{"start":{"line":26,"column":0},"end":{"line":26,"column":0}},"26":{"start":{"line":27,"column":0},"end":{"line":27,"column":25}},"27":{"start":{"line":28,"column":0},"end":{"line":28,"column":15}},"28":{"start":{"line":29,"column":0},"end":{"line":29,"column":3}},"29":{"start":{"line":30,"column":0},"end":{"line":30,"column":1}}},"s":{"0":1,"1":1,"2":1,"3":1,"4":1,"5":5,"6":1,"7":6,"8":6,"9":6,"10":0,"11":0,"12":6,"13":6,"14":1,"15":1,"16":5,"17":5,"18":5,"19":5,"20":5,"21":5,"22":5,"23":5,"24":5,"25":5,"26":5,"27":5,"28":5,"29":1},"branchMap":{"0":{"type":"branch","line":5,"loc":{"start":{"line":5,"column":7},"end":{"line":6,"column":27}},"locations":[{"start":{"line":5,"column":7},"end":{"line":6,"column":27}}]},"1":{"type":"branch","line":7,"loc":{"start":{"line":7,"column":2},"end":{"line":14,"column":3}},"locations":[{"start":{"line":7,"column":2},"end":{"line":14,"column":3}}]},"2":{"type":"branch","line":10,"loc":{"start":{"line":10,"column":14},"end":{"line":12,"column":5}},"locations":[{"start":{"line":10,"column":14},"end":{"line":12,"column":5}}]},"3":{"type":"branch","line":8,"loc":{"start":{"line":8,"column":32},"end":{"line":8,"column":56}},"locations":[{"start":{"line":8,"column":32},"end":{"line":8,"column":56}}]},"4":{"type":"branch","line":16,"loc":{"start":{"line":16,"column":2},"end":{"line":29,"column":3}},"locations":[{"start":{"line":16,"column":2},"end":{"line":29,"column":3}}]},"5":{"type":"branch","line":18,"loc":{"start":{"line":18,"column":15},"end":{"line":18,"column":34}},"locations":[{"start":{"line":18,"column":15},"end":{"line":18,"column":34}}]},"6":{"type":"branch","line":20,"loc":{"start":{"line":20,"column":24},"end":{"line":20,"column":44}},"locations":[{"start":{"line":20,"column":24},"end":{"line":20,"column":44}}]},"7":{"type":"branch","line":21,"loc":{"start":{"line":21,"column":18},"end":{"line":21,"column":32}},"locations":[{"start":{"line":21,"column":18},"end":{"line":21,"column":32}}]}},"b":{"0":[5],"1":[6],"2":[0],"3":[7],"4":[5],"5":[1],"6":[1],"7":[1]},"fnMap":{"0":{"name":"InMemoryGymsRepository","decl":{"start":{"line":5,"column":7},"end":{"line":6,"column":27}},"loc":{"start":{"line":5,"column":7},"end":{"line":6,"column":27}},"line":5},"1":{"name":"findById","decl":{"start":{"line":7,"column":2},"end":{"line":14,"column":3}},"loc":{"start":{"line":7,"column":2},"end":{"line":14,"column":3}},"line":7},"2":{"name":"create","decl":{"start":{"line":16,"column":2},"end":{"line":29,"column":3}},"loc":{"start":{"line":16,"column":2},"end":{"line":29,"column":3}},"line":16}},"f":{"0":5,"1":6,"2":5}}
,"/Users/mac/Documents/Rocketseat/03-api-solid/src/repositories/in-memory/in-memory-users-repository.ts": {"path":"/Users/mac/Documents/Rocketseat/03-api-solid/src/repositories/in-memory/in-memory-users-repository.ts","all":false,"statementMap":{"0":{"start":{"line":1,"column":0},"end":{"line":1,"column":36}},"1":{"start":{"line":2,"column":0},"end":{"line":2,"column":54}},"2":{"start":{"line":3,"column":0},"end":{"line":3,"column":46}},"3":{"start":{"line":4,"column":0},"end":{"line":4,"column":0}},"4":{"start":{"line":5,"column":0},"end":{"line":5,"column":65}},"5":{"start":{"line":6,"column":0},"end":{"line":6,"column":28}},"6":{"start":{"line":7,"column":0},"end":{"line":7,"column":30}},"7":{"start":{"line":8,"column":0},"end":{"line":8,"column":59}},"8":{"start":{"line":9,"column":0},"end":{"line":9,"column":0}},"9":{"start":{"line":10,"column":0},"end":{"line":10,"column":16}},"10":{"start":{"line":11,"column":0},"end":{"line":11,"column":18}},"11":{"start":{"line":12,"column":0},"end":{"line":12,"column":5}},"12":{"start":{"line":13,"column":0},"end":{"line":13,"column":16}},"13":{"start":{"line":14,"column":0},"end":{"line":14,"column":3}},"14":{"start":{"line":15,"column":0},"end":{"line":15,"column":0}},"15":{"start":{"line":16,"column":0},"end":{"line":16,"column":36}},"16":{"start":{"line":17,"column":0},"end":{"line":17,"column":65}},"17":{"start":{"line":18,"column":0},"end":{"line":18,"column":0}},"18":{"start":{"line":19,"column":0},"end":{"line":19,"column":16}},"19":{"start":{"line":20,"column":0},"end":{"line":20,"column":18}},"20":{"start":{"line":21,"column":0},"end":{"line":21,"column":5}},"21":{"start":{"line":22,"column":0},"end":{"line":22,"column":16}},"22":{"start":{"line":23,"column":0},"end":{"line":23,"column":3}},"23":{"start":{"line":24,"column":0},"end":{"line":24,"column":0}},"24":{"start":{"line":25,"column":0},"end":{"line":25,"column":46}},"25":{"start":{"line":26,"column":0},"end":{"line":26,"column":18}},"26":{"start":{"line":27,"column":0},"end":{"line":27,"column":23}},"27":{"start":{"line":28,"column":0},"end":{"line":28,"column":22}},"28":{"start":{"line":29,"column":0},"end":{"line":29,"column":24}},"29":{"start":{"line":30,"column":0},"end":{"line":30,"column":40}},"30":{"start":{"line":31,"column":0},"end":{"line":31,"column":29}},"31":{"start":{"line":32,"column":0},"end":{"line":32,"column":6}},"32":{"start":{"line":33,"column":0},"end":{"line":33,"column":26}},"33":{"start":{"line":34,"column":0},"end":{"line":34,"column":16}},"34":{"start":{"line":35,"column":0},"end":{"line":35,"column":3}},"35":{"start":{"line":36,"column":0},"end":{"line":36,"column":1}}},"s":{"0":1,"1":1,"2":1,"3":1,"4":1,"5":8,"6":1,"7":2,"8":2,"9":2,"10":1,"11":1,"12":1,"13":2,"14":1,"15":1,"16":7,"17":7,"18":7,"19":4,"20":4,"21":3,"22":7,"23":1,"24":1,"25":6,"26":6,"27":6,"28":6,"29":6,"30":6,"31":6,"32":6,"33":6,"34":6,"35":1},"branchMap":{"0":{"type":"branch","line":5,"loc":{"start":{"line":5,"column":7},"end":{"line":6,"column":28}},"locations":[{"start":{"line":5,"column":7},"end":{"line":6,"column":28}}]},"1":{"type":"branch","line":7,"loc":{"start":{"line":7,"column":2},"end":{"line":14,"column":3}},"locations":[{"start":{"line":7,"column":2},"end":{"line":14,"column":3}}]},"2":{"type":"branch","line":10,"loc":{"start":{"line":10,"column":15},"end":{"line":13,"column":16}},"locations":[{"start":{"line":10,"column":15},"end":{"line":13,"column":16}}]},"3":{"type":"branch","line":8,"loc":{"start":{"line":8,"column":33},"end":{"line":8,"column":57}},"locations":[{"start":{"line":8,"column":33},"end":{"line":8,"column":57}}]},"4":{"type":"branch","line":16,"loc":{"start":{"line":16,"column":2},"end":{"line":23,"column":3}},"locations":[{"start":{"line":16,"column":2},"end":{"line":23,"column":3}}]},"5":{"type":"branch","line":19,"loc":{"start":{"line":19,"column":15},"end":{"line":21,"column":5}},"locations":[{"start":{"line":19,"column":15},"end":{"line":21,"column":5}}]},"6":{"type":"branch","line":21,"loc":{"start":{"line":21,"column":4},"end":{"line":22,"column":16}},"locations":[{"start":{"line":21,"column":4},"end":{"line":22,"column":16}}]},"7":{"type":"branch","line":17,"loc":{"start":{"line":17,"column":33},"end":{"line":17,"column":63}},"locations":[{"start":{"line":17,"column":33},"end":{"line":17,"column":63}}]},"8":{"type":"branch","line":25,"loc":{"start":{"line":25,"column":2},"end":{"line":35,"column":3}},"locations":[{"start":{"line":25,"column":2},"end":{"line":35,"column":3}}]}},"b":{"0":[8],"1":[2],"2":[1],"3":[1],"4":[7],"5":[4],"6":[3],"7":[3],"8":[6]},"fnMap":{"0":{"name":"InMemoryUsersRepository","decl":{"start":{"line":5,"column":7},"end":{"line":6,"column":28}},"loc":{"start":{"line":5,"column":7},"end":{"line":6,"column":28}},"line":5},"1":{"name":"findById","decl":{"start":{"line":7,"column":2},"end":{"line":14,"column":3}},"loc":{"start":{"line":7,"column":2},"end":{"line":14,"column":3}},"line":7},"2":{"name":"findByEmail","decl":{"start":{"line":16,"column":2},"end":{"line":23,"column":3}},"loc":{"start":{"line":16,"column":2},"end":{"line":23,"column":3}},"line":16},"3":{"name":"create","decl":{"start":{"line":25,"column":2},"end":{"line":35,"column":3}},"loc":{"start":{"line":25,"column":2},"end":{"line":35,"column":3}},"line":25}},"f":{"0":8,"1":2,"2":7,"3":6}}
,"/Users/mac/Documents/Rocketseat/03-api-solid/src/use-cases/authenticate.ts": {"path":"/Users/mac/Documents/Rocketseat/03-api-solid/src/use-cases/authenticate.ts","all":false,"statementMap":{"0":{"start":{"line":1,"column":0},"end":{"line":1,"column":77}},"1":{"start":{"line":2,"column":0},"end":{"line":2,"column":35}},"2":{"start":{"line":3,"column":0},"end":{"line":3,"column":38}},"3":{"start":{"line":4,"column":0},"end":{"line":4,"column":66}},"4":{"start":{"line":5,"column":0},"end":{"line":5,"column":0}},"5":{"start":{"line":6,"column":0},"end":{"line":6,"column":38}},"6":{"start":{"line":7,"column":0},"end":{"line":7,"column":16}},"7":{"start":{"line":8,"column":0},"end":{"line":8,"column":19}},"8":{"start":{"line":9,"column":0},"end":{"line":9,"column":1}},"9":{"start":{"line":10,"column":0},"end":{"line":10,"column":39}},"10":{"start":{"line":11,"column":0},"end":{"line":11,"column":13}},"11":{"start":{"line":12,"column":0},"end":{"line":12,"column":1}},"12":{"start":{"line":13,"column":0},"end":{"line":13,"column":0}},"13":{"start":{"line":14,"column":0},"end":{"line":14,"column":34}},"14":{"start":{"line":15,"column":0},"end":{"line":15,"column":57}},"15":{"start":{"line":16,"column":0},"end":{"line":16,"column":0}},"16":{"start":{"line":17,"column":0},"end":{"line":17,"column":17}},"17":{"start":{"line":18,"column":0},"end":{"line":18,"column":10}},"18":{"start":{"line":19,"column":0},"end":{"line":19,"column":13}},"19":{"start":{"line":20,"column":0},"end":{"line":20,"column":72}},"20":{"start":{"line":21,"column":0},"end":{"line":21,"column":44}},"21":{"start":{"line":22,"column":0},"end":{"line":22,"column":62}},"22":{"start":{"line":23,"column":0},"end":{"line":23,"column":0}},"23":{"start":{"line":24,"column":0},"end":{"line":24,"column":16}},"24":{"start":{"line":25,"column":0},"end":{"line":25,"column":42}},"25":{"start":{"line":26,"column":0},"end":{"line":26,"column":5}},"26":{"start":{"line":27,"column":0},"end":{"line":27,"column":35}},"27":{"start":{"line":28,"column":0},"end":{"line":28,"column":68}},"28":{"start":{"line":29,"column":0},"end":{"line":29,"column":76}},"29":{"start":{"line":30,"column":0},"end":{"line":30,"column":0}},"30":{"start":{"line":31,"column":0},"end":{"line":31,"column":31}},"31":{"start":{"line":32,"column":0},"end":{"line":32,"column":42}},"32":{"start":{"line":33,"column":0},"end":{"line":33,"column":5}},"33":{"start":{"line":34,"column":0},"end":{"line":34,"column":0}},"34":{"start":{"line":35,"column":0},"end":{"line":35,"column":12}},"35":{"start":{"line":36,"column":0},"end":{"line":36,"column":11}},"36":{"start":{"line":37,"column":0},"end":{"line":37,"column":6}},"37":{"start":{"line":38,"column":0},"end":{"line":38,"column":3}},"38":{"start":{"line":39,"column":0},"end":{"line":39,"column":1}}},"s":{"0":1,"1":1,"2":1,"3":1,"4":1,"5":1,"6":1,"7":1,"8":1,"9":1,"10":1,"11":1,"12":1,"13":1,"14":1,"15":1,"16":1,"17":3,"18":3,"19":3,"20":3,"21":3,"22":3,"23":3,"24":1,"25":1,"26":2,"27":2,"28":2,"29":2,"30":3,"31":1,"32":1,"33":1,"34":1,"35":1,"36":1,"37":3,"38":1},"branchMap":{"0":{"type":"branch","line":15,"loc":{"start":{"line":15,"column":2},"end":{"line":15,"column":57}},"locations":[{"start":{"line":15,"column":2},"end":{"line":15,"column":57}}]},"1":{"type":"branch","line":17,"loc":{"start":{"line":17,"column":2},"end":{"line":38,"column":3}},"locations":[{"start":{"line":17,"column":2},"end":{"line":38,"column":3}}]},"2":{"type":"branch","line":24,"loc":{"start":{"line":24,"column":15},"end":{"line":26,"column":5}},"locations":[{"start":{"line":24,"column":15},"end":{"line":26,"column":5}}]},"3":{"type":"branch","line":26,"loc":{"start":{"line":26,"column":4},"end":{"line":31,"column":30}},"locations":[{"start":{"line":26,"column":4},"end":{"line":31,"column":30}}]},"4":{"type":"branch","line":31,"loc":{"start":{"line":31,"column":30},"end":{"line":37,"column":6}},"locations":[{"start":{"line":31,"column":30},"end":{"line":37,"column":6}}]}},"b":{"0":[3],"1":[3],"2":[1],"3":[2],"4":[1]},"fnMap":{"0":{"name":"AuthenticateUseCase","decl":{"start":{"line":15,"column":2},"end":{"line":15,"column":57}},"loc":{"start":{"line":15,"column":2},"end":{"line":15,"column":57}},"line":15},"1":{"name":"execute","decl":{"start":{"line":17,"column":2},"end":{"line":38,"column":3}},"loc":{"start":{"line":17,"column":2},"end":{"line":38,"column":3}},"line":17}},"f":{"0":3,"1":3}}
,"/Users/mac/Documents/Rocketseat/03-api-solid/src/use-cases/check-in.ts": {"path":"/Users/mac/Documents/Rocketseat/03-api-solid/src/use-cases/check-in.ts","all":false,"statementMap":{"0":{"start":{"line":1,"column":0},"end":{"line":1,"column":38}},"1":{"start":{"line":2,"column":0},"end":{"line":2,"column":41}},"2":{"start":{"line":3,"column":0},"end":{"line":3,"column":74}},"3":{"start":{"line":4,"column":0},"end":{"line":4,"column":64}},"4":{"start":{"line":5,"column":0},"end":{"line":5,"column":74}},"5":{"start":{"line":6,"column":0},"end":{"line":6,"column":89}},"6":{"start":{"line":7,"column":0},"end":{"line":7,"column":63}},"7":{"start":{"line":8,"column":0},"end":{"line":8,"column":82}},"8":{"start":{"line":9,"column":0},"end":{"line":9,"column":0}},"9":{"start":{"line":10,"column":0},"end":{"line":10,"column":33}},"10":{"start":{"line":11,"column":0},"end":{"line":11,"column":17}},"11":{"start":{"line":12,"column":0},"end":{"line":12,"column":16}},"12":{"start":{"line":13,"column":0},"end":{"line":13,"column":23}},"13":{"start":{"line":14,"column":0},"end":{"line":14,"column":24}},"14":{"start":{"line":15,"column":0},"end":{"line":15,"column":1}},"15":{"start":{"line":16,"column":0},"end":{"line":16,"column":34}},"16":{"start":{"line":17,"column":0},"end":{"line":17,"column":19}},"17":{"start":{"line":18,"column":0},"end":{"line":18,"column":1}},"18":{"start":{"line":19,"column":0},"end":{"line":19,"column":0}},"19":{"start":{"line":20,"column":0},"end":{"line":20,"column":29}},"20":{"start":{"line":21,"column":0},"end":{"line":21,"column":14}},"21":{"start":{"line":22,"column":0},"end":{"line":22,"column":51}},"22":{"start":{"line":23,"column":0},"end":{"line":23,"column":42}},"23":{"start":{"line":24,"column":0},"end":{"line":24,"column":6}},"24":{"start":{"line":25,"column":0},"end":{"line":25,"column":0}},"25":{"start":{"line":26,"column":0},"end":{"line":26,"column":17}},"26":{"start":{"line":27,"column":0},"end":{"line":27,"column":11}},"27":{"start":{"line":28,"column":0},"end":{"line":28,"column":10}},"28":{"start":{"line":29,"column":0},"end":{"line":29,"column":17}},"29":{"start":{"line":30,"column":0},"end":{"line":30,"column":18}},"30":{"start":{"line":31,"column":0},"end":{"line":31,"column":62}},"31":{"start":{"line":32,"column":0},"end":{"line":32,"column":58}},"32":{"start":{"line":33,"column":0},"end":{"line":33,"column":0}},"33":{"start":{"line":34,"column":0},"end":{"line":34,"column":15}},"34":{"start":{"line":35,"column":0},"end":{"line":35,"column":40}},"35":{"start":{"line":36,"column":0},"end":{"line":36,"column":5}},"36":{"start":{"line":37,"column":0},"end":{"line":37,"column":0}},"37":{"start":{"line":38,"column":0},"end":{"line":38,"column":51}},"38":{"start":{"line":39,"column":0},"end":{"line":39,"column":7}},"39":{"start":{"line":40,"column":0},"end":{"line":40,"column":31}},"40":{"start":{"line":41,"column":0},"end":{"line":41,"column":33}},"41":{"start":{"line":42,"column":0},"end":{"line":42,"column":8}},"42":{"start":{"line":43,"column":0},"end":{"line":43,"column":7}},"43":{"start":{"line":44,"column":0},"end":{"line":44,"column":42}},"44":{"start":{"line":45,"column":0},"end":{"line":45,"column":44}},"45":{"start":{"line":46,"column":0},"end":{"line":46,"column":7}},"46":{"start":{"line":47,"column":0},"end":{"line":47,"column":6}},"47":{"start":{"line":48,"column":0},"end":{"line":48,"column":0}},"48":{"start":{"line":49,"column":0},"end":{"line":49,"column":43}},"49":{"start":{"line":50,"column":0},"end":{"line":50,"column":0}},"50":{"start":{"line":51,"column":0},"end":{"line":51,"column":48}},"51":{"start":{"line":52,"column":0},"end":{"line":52,"column":35}},"52":{"start":{"line":53,"column":0},"end":{"line":53,"column":5}},"53":{"start":{"line":54,"column":0},"end":{"line":54,"column":0}},"54":{"start":{"line":55,"column":0},"end":{"line":55,"column":79}},"55":{"start":{"line":56,"column":0},"end":{"line":56,"column":13}},"56":{"start":{"line":57,"column":0},"end":{"line":57,"column":16}},"57":{"start":{"line":58,"column":0},"end":{"line":58,"column":6}},"58":{"start":{"line":59,"column":0},"end":{"line":59,"column":28}},"59":{"start":{"line":60,"column":0},"end":{"line":60,"column":43}},"60":{"start":{"line":61,"column":0},"end":{"line":61,"column":5}},"61":{"start":{"line":62,"column":0},"end":{"line":62,"column":0}},"62":{"start":{"line":63,"column":0},"end":{"line":63,"column":58}},"63":{"start":{"line":64,"column":0},"end":{"line":64,"column":20}},"64":{"start":{"line":65,"column":0},"end":{"line":65,"column":22}},"65":{"start":{"line":66,"column":0},"end":{"line":66,"column":7}},"66":{"start":{"line":67,"column":0},"end":{"line":67,"column":12}},"67":{"start":{"line":68,"column":0},"end":{"line":68,"column":14}},"68":{"start":{"line":69,"column":0},"end":{"line":69,"column":6}},"69":{"start":{"line":70,"column":0},"end":{"line":70,"column":3}},"70":{"start":{"line":71,"column":0},"end":{"line":71,"column":1}}},"s":{"0":1,"1":1,"2":1,"3":1,"4":1,"5":1,"6":1,"7":1,"8":1,"9":1,"10":1,"11":1,"12":1,"13":1,"14":1,"15":1,"16":1,"17":1,"18":1,"19":1,"20":1,"21":4,"22":4,"23":4,"24":1,"25":1,"26":6,"27":6,"28":6,"29":6,"30":6,"31":6,"32":6,"33":6,"34":0,"35":0,"36":6,"37":6,"38":6,"39":6,"40":6,"41":6,"42":6,"43":6,"44":6,"45":6,"46":6,"47":6,"48":6,"49":6,"50":6,"51":1,"52":1,"53":5,"54":5,"55":5,"56":5,"57":5,"58":6,"59":1,"60":1,"61":4,"62":4,"63":4,"64":4,"65":4,"66":4,"67":4,"68":4,"69":6,"70":1},"branchMap":{"0":{"type":"branch","line":21,"loc":{"start":{"line":21,"column":2},"end":{"line":24,"column":6}},"locations":[{"start":{"line":21,"column":2},"end":{"line":24,"column":6}}]},"1":{"type":"branch","line":26,"loc":{"start":{"line":26,"column":2},"end":{"line":70,"column":3}},"locations":[{"start":{"line":26,"column":2},"end":{"line":70,"column":3}}]},"2":{"type":"branch","line":34,"loc":{"start":{"line":34,"column":14},"end":{"line":36,"column":5}},"locations":[{"start":{"line":34,"column":14},"end":{"line":36,"column":5}}]},"3":{"type":"branch","line":51,"loc":{"start":{"line":51,"column":47},"end":{"line":53,"column":5}},"locations":[{"start":{"line":51,"column":47},"end":{"line":53,"column":5}}]},"4":{"type":"branch","line":53,"loc":{"start":{"line":53,"column":4},"end":{"line":59,"column":27}},"locations":[{"start":{"line":53,"column":4},"end":{"line":59,"column":27}}]},"5":{"type":"branch","line":59,"loc":{"start":{"line":59,"column":27},"end":{"line":61,"column":5}},"locations":[{"start":{"line":59,"column":27},"end":{"line":61,"column":5}}]},"6":{"type":"branch","line":61,"loc":{"start":{"line":61,"column":4},"end":{"line":69,"column":6}},"locations":[{"start":{"line":61,"column":4},"end":{"line":69,"column":6}}]}},"b":{"0":[4],"1":[6],"2":[0],"3":[1],"4":[5],"5":[1],"6":[4]},"fnMap":{"0":{"name":"CheckInUseCase","decl":{"start":{"line":21,"column":2},"end":{"line":24,"column":6}},"loc":{"start":{"line":21,"column":2},"end":{"line":24,"column":6}},"line":21},"1":{"name":"execute","decl":{"start":{"line":26,"column":2},"end":{"line":70,"column":3}},"loc":{"start":{"line":26,"column":2},"end":{"line":70,"column":3}},"line":26}},"f":{"0":4,"1":6}}
,"/Users/mac/Documents/Rocketseat/03-api-solid/src/use-cases/create-gym.ts": {"path":"/Users/mac/Documents/Rocketseat/03-api-solid/src/use-cases/create-gym.ts","all":false,"statementMap":{"0":{"start":{"line":1,"column":0},"end":{"line":1,"column":37}},"1":{"start":{"line":2,"column":0},"end":{"line":2,"column":64}},"2":{"start":{"line":3,"column":0},"end":{"line":3,"column":0}},"3":{"start":{"line":4,"column":0},"end":{"line":4,"column":35}},"4":{"start":{"line":5,"column":0},"end":{"line":5,"column":16}},"5":{"start":{"line":6,"column":0},"end":{"line":6,"column":29}},"6":{"start":{"line":7,"column":0},"end":{"line":7,"column":23}},"7":{"start":{"line":8,"column":0},"end":{"line":8,"column":19}},"8":{"start":{"line":9,"column":0},"end":{"line":9,"column":20}},"9":{"start":{"line":10,"column":0},"end":{"line":10,"column":1}},"10":{"start":{"line":11,"column":0},"end":{"line":11,"column":0}},"11":{"start":{"line":12,"column":0},"end":{"line":12,"column":36}},"12":{"start":{"line":13,"column":0},"end":{"line":13,"column":11}},"13":{"start":{"line":14,"column":0},"end":{"line":14,"column":1}},"14":{"start":{"line":15,"column":0},"end":{"line":15,"column":31}},"15":{"start":{"line":16,"column":0},"end":{"line":16,"column":56}},"16":{"start":{"line":17,"column":0},"end":{"line":17,"column":0}},"17":{"start":{"line":18,"column":0},"end":{"line":18,"column":17}},"18":{"start":{"line":19,"column":0},"end":{"line":19,"column":10}},"19":{"start":{"line":20,"column":0},"end":{"line":20,"column":16}},"20":{"start":{"line":21,"column":0},"end":{"line":21,"column":10}},"21":{"start":{"line":22,"column":0},"end":{"line":22,"column":13}},"22":{"start":{"line":23,"column":0},"end":{"line":23,"column":14}},"23":{"start":{"line":24,"column":0},"end":{"line":24,"column":66}},"24":{"start":{"line":25,"column":0},"end":{"line":25,"column":50}},"25":{"start":{"line":26,"column":0},"end":{"line":26,"column":12}},"26":{"start":{"line":27,"column":0},"end":{"line":27,"column":18}},"27":{"start":{"line":28,"column":0},"end":{"line":28,"column":12}},"28":{"start":{"line":29,"column":0},"end":{"line":29,"column":15}},"29":{"start":{"line":30,"column":0},"end":{"line":30,"column":16}},"30":{"start":{"line":31,"column":0},"end":{"line":31,"column":7}},"31":{"start":{"line":32,"column":0},"end":{"line":32,"column":12}},"32":{"start":{"line":33,"column":0},"end":{"line":33,"column":10}},"33":{"start":{"line":34,"column":0},"end":{"line":34,"column":6}},"34":{"start":{"line":35,"column":0},"end":{"line":35,"column":3}},"35":{"start":{"line":36,"column":0},"end":{"line":36,"column":1}}},"s":{"0":1,"1":1,"2":1,"3":1,"4":1,"5":1,"6":1,"7":1,"8":1,"9":1,"10":1,"11":1,"12":1,"13":1,"14":1,"15":1,"16":1,"17":1,"18":1,"19":1,"20":1,"21":1,"22":1,"23":1,"24":1,"25":1,"26":1,"27":1,"28":1,"29":1,"30":1,"31":1,"32":1,"33":1,"34":1,"35":1},"branchMap":{"0":{"type":"branch","line":16,"loc":{"start":{"line":16,"column":2},"end":{"line":16,"column":56}},"locations":[{"start":{"line":16,"column":2},"end":{"line":16,"column":56}}]},"1":{"type":"branch","line":18,"loc":{"start":{"line":18,"column":2},"end":{"line":35,"column":3}},"locations":[{"start":{"line":18,"column":2},"end":{"line":35,"column":3}}]}},"b":{"0":[1],"1":[1]},"fnMap":{"0":{"name":"CreateGymUseCase","decl":{"start":{"line":16,"column":2},"end":{"line":16,"column":56}},"loc":{"start":{"line":16,"column":2},"end":{"line":16,"column":56}},"line":16},"1":{"name":"execute","decl":{"start":{"line":18,"column":2},"end":{"line":35,"column":3}},"loc":{"start":{"line":18,"column":2},"end":{"line":35,"column":3}},"line":18}},"f":{"0":1,"1":1}}
,"/Users/mac/Documents/Rocketseat/03-api-solid/src/use-cases/get-user-profile.ts": {"path":"/Users/mac/Documents/Rocketseat/03-api-solid/src/use-cases/get-user-profile.ts","all":false,"statementMap":{"0":{"start":{"line":1,"column":0},"end":{"line":1,"column":38}},"1":{"start":{"line":2,"column":0},"end":{"line":2,"column":66}},"2":{"start":{"line":3,"column":0},"end":{"line":3,"column":74}},"3":{"start":{"line":4,"column":0},"end":{"line":4,"column":0}},"4":{"start":{"line":5,"column":0},"end":{"line":5,"column":40}},"5":{"start":{"line":6,"column":0},"end":{"line":6,"column":17}},"6":{"start":{"line":7,"column":0},"end":{"line":7,"column":1}},"7":{"start":{"line":8,"column":0},"end":{"line":8,"column":41}},"8":{"start":{"line":9,"column":0},"end":{"line":9,"column":13}},"9":{"start":{"line":10,"column":0},"end":{"line":10,"column":1}},"10":{"start":{"line":11,"column":0},"end":{"line":11,"column":0}},"11":{"start":{"line":12,"column":0},"end":{"line":12,"column":36}},"12":{"start":{"line":13,"column":0},"end":{"line":13,"column":57}},"13":{"start":{"line":14,"column":0},"end":{"line":14,"column":0}},"14":{"start":{"line":15,"column":0},"end":{"line":15,"column":17}},"15":{"start":{"line":16,"column":0},"end":{"line":16,"column":11}},"16":{"start":{"line":17,"column":0},"end":{"line":17,"column":76}},"17":{"start":{"line":18,"column":0},"end":{"line":18,"column":60}},"18":{"start":{"line":19,"column":0},"end":{"line":19,"column":0}},"19":{"start":{"line":20,"column":0},"end":{"line":20,"column":16}},"20":{"start":{"line":21,"column":0},"end":{"line":21,"column":40}},"21":{"start":{"line":22,"column":0},"end":{"line":22,"column":5}},"22":{"start":{"line":23,"column":0},"end":{"line":23,"column":0}},"23":{"start":{"line":24,"column":0},"end":{"line":24,"column":12}},"24":{"start":{"line":25,"column":0},"end":{"line":25,"column":11}},"25":{"start":{"line":26,"column":0},"end":{"line":26,"column":6}},"26":{"start":{"line":27,"column":0},"end":{"line":27,"column":3}},"27":{"start":{"line":28,"column":0},"end":{"line":28,"column":1}}},"s":{"0":1,"1":1,"2":1,"3":1,"4":1,"5":1,"6":1,"7":1,"8":1,"9":1,"10":1,"11":1,"12":1,"13":1,"14":1,"15":2,"16":2,"17":2,"18":2,"19":2,"20":1,"21":1,"22":1,"23":1,"24":1,"25":1,"26":2,"27":1},"branchMap":{"0":{"type":"branch","line":13,"loc":{"start":{"line":13,"column":2},"end":{"line":13,"column":57}},"locations":[{"start":{"line":13,"column":2},"end":{"line":13,"column":57}}]},"1":{"type":"branch","line":15,"loc":{"start":{"line":15,"column":2},"end":{"line":27,"column":3}},"locations":[{"start":{"line":15,"column":2},"end":{"line":27,"column":3}}]},"2":{"type":"branch","line":20,"loc":{"start":{"line":20,"column":15},"end":{"line":26,"column":6}},"locations":[{"start":{"line":20,"column":15},"end":{"line":26,"column":6}}]}},"b":{"0":[2],"1":[2],"2":[1]},"fnMap":{"0":{"name":"GetUserProfileUseCase","decl":{"start":{"line":13,"column":2},"end":{"line":13,"column":57}},"loc":{"start":{"line":13,"column":2},"end":{"line":13,"column":57}},"line":13},"1":{"name":"execute","decl":{"start":{"line":15,"column":2},"end":{"line":27,"column":3}},"loc":{"start":{"line":15,"column":2},"end":{"line":27,"column":3}},"line":15}},"f":{"0":2,"1":2}}
,"/Users/mac/Documents/Rocketseat/03-api-solid/src/use-cases/register.ts": {"path":"/Users/mac/Documents/Rocketseat/03-api-solid/src/use-cases/register.ts","all":false,"statementMap":{"0":{"start":{"line":1,"column":0},"end":{"line":1,"column":66}},"1":{"start":{"line":2,"column":0},"end":{"line":2,"column":32}},"2":{"start":{"line":3,"column":0},"end":{"line":3,"column":70}},"3":{"start":{"line":4,"column":0},"end":{"line":4,"column":38}},"4":{"start":{"line":5,"column":0},"end":{"line":5,"column":0}},"5":{"start":{"line":6,"column":0},"end":{"line":6,"column":34}},"6":{"start":{"line":7,"column":0},"end":{"line":7,"column":15}},"7":{"start":{"line":8,"column":0},"end":{"line":8,"column":16}},"8":{"start":{"line":9,"column":0},"end":{"line":9,"column":19}},"9":{"start":{"line":10,"column":0},"end":{"line":10,"column":1}},"10":{"start":{"line":11,"column":0},"end":{"line":11,"column":0}},"11":{"start":{"line":12,"column":0},"end":{"line":12,"column":35}},"12":{"start":{"line":13,"column":0},"end":{"line":13,"column":13}},"13":{"start":{"line":14,"column":0},"end":{"line":14,"column":1}},"14":{"start":{"line":15,"column":0},"end":{"line":15,"column":30}},"15":{"start":{"line":16,"column":0},"end":{"line":16,"column":58}},"16":{"start":{"line":17,"column":0},"end":{"line":17,"column":0}},"17":{"start":{"line":18,"column":0},"end":{"line":18,"column":17}},"18":{"start":{"line":19,"column":0},"end":{"line":19,"column":9}},"19":{"start":{"line":20,"column":0},"end":{"line":20,"column":10}},"20":{"start":{"line":21,"column":0},"end":{"line":21,"column":13}},"21":{"start":{"line":22,"column":0},"end":{"line":22,"column":64}},"22":{"start":{"line":23,"column":0},"end":{"line":23,"column":50}},"23":{"start":{"line":24,"column":0},"end":{"line":24,"column":0}},"24":{"start":{"line":25,"column":0},"end":{"line":25,"column":76}},"25":{"start":{"line":26,"column":0},"end":{"line":26,"column":0}},"26":{"start":{"line":27,"column":0},"end":{"line":27,"column":28}},"27":{"start":{"line":28,"column":0},"end":{"line":28,"column":41}},"28":{"start":{"line":29,"column":0},"end":{"line":29,"column":5}},"29":{"start":{"line":30,"column":0},"end":{"line":30,"column":0}},"30":{"start":{"line":31,"column":0},"end":{"line":31,"column":52}},"31":{"start":{"line":32,"column":0},"end":{"line":32,"column":11}},"32":{"start":{"line":33,"column":0},"end":{"line":33,"column":12}},"33":{"start":{"line":34,"column":0},"end":{"line":34,"column":20}},"34":{"start":{"line":35,"column":0},"end":{"line":35,"column":7}},"35":{"start":{"line":36,"column":0},"end":{"line":36,"column":12}},"36":{"start":{"line":37,"column":0},"end":{"line":37,"column":11}},"37":{"start":{"line":38,"column":0},"end":{"line":38,"column":6}},"38":{"start":{"line":39,"column":0},"end":{"line":39,"column":3}},"39":{"start":{"line":40,"column":0},"end":{"line":40,"column":1}}},"s":{"0":1,"1":1,"2":1,"3":1,"4":1,"5":1,"6":1,"7":1,"8":1,"9":1,"10":1,"11":1,"12":1,"13":1,"14":1,"15":1,"16":1,"17":1,"18":4,"19":4,"20":4,"21":4,"22":4,"23":4,"24":4,"25":4,"26":4,"27":1,"28":1,"29":3,"30":3,"31":3,"32":3,"33":3,"34":3,"35":3,"36":3,"37":3,"38":4,"39":1},"branchMap":{"0":{"type":"branch","line":16,"loc":{"start":{"line":16,"column":2},"end":{"line":16,"column":58}},"locations":[{"start":{"line":16,"column":2},"end":{"line":16,"column":58}}]},"1":{"type":"branch","line":18,"loc":{"start":{"line":18,"column":2},"end":{"line":39,"column":3}},"locations":[{"start":{"line":18,"column":2},"end":{"line":39,"column":3}}]},"2":{"type":"branch","line":27,"loc":{"start":{"line":27,"column":27},"end":{"line":29,"column":5}},"locations":[{"start":{"line":27,"column":27},"end":{"line":29,"column":5}}]},"3":{"type":"branch","line":29,"loc":{"start":{"line":29,"column":4},"end":{"line":38,"column":6}},"locations":[{"start":{"line":29,"column":4},"end":{"line":38,"column":6}}]}},"b":{"0":[3],"1":[4],"2":[1],"3":[3]},"fnMap":{"0":{"name":"RegisterUseCase","decl":{"start":{"line":16,"column":2},"end":{"line":16,"column":58}},"loc":{"start":{"line":16,"column":2},"end":{"line":16,"column":58}},"line":16},"1":{"name":"execute","decl":{"start":{"line":18,"column":2},"end":{"line":39,"column":3}},"loc":{"start":{"line":18,"column":2},"end":{"line":39,"column":3}},"line":18}},"f":{"0":3,"1":4}}
,"/Users/mac/Documents/Rocketseat/03-api-solid/src/use-cases/errors/invalid-credentials-error.ts": {"path":"/Users/mac/Documents/Rocketseat/03-api-solid/src/use-cases/errors/invalid-credentials-error.ts","all":false,"statementMap":{"0":{"start":{"line":1,"column":0},"end":{"line":1,"column":52}},"1":{"start":{"line":2,"column":0},"end":{"line":2,"column":17}},"2":{"start":{"line":3,"column":0},"end":{"line":3,"column":33}},"3":{"start":{"line":4,"column":0},"end":{"line":4,"column":3}},"4":{"start":{"line":5,"column":0},"end":{"line":5,"column":1}}},"s":{"0":1,"1":1,"2":2,"3":2,"4":1},"branchMap":{"0":{"type":"branch","line":2,"loc":{"start":{"line":2,"column":2},"end":{"line":4,"column":3}},"locations":[{"start":{"line":2,"column":2},"end":{"line":4,"column":3}}]}},"b":{"0":[2]},"fnMap":{"0":{"name":"InvalidCredentialsError","decl":{"start":{"line":2,"column":2},"end":{"line":4,"column":3}},"loc":{"start":{"line":2,"column":2},"end":{"line":4,"column":3}},"line":2}},"f":{"0":2}}
,"/Users/mac/Documents/Rocketseat/03-api-solid/src/use-cases/errors/max-distance-error.ts": {"path":"/Users/mac/Documents/Rocketseat/03-api-solid/src/use-cases/errors/max-distance-error.ts","all":false,"statementMap":{"0":{"start":{"line":1,"column":0},"end":{"line":1,"column":45}},"1":{"start":{"line":2,"column":0},"end":{"line":2,"column":17}},"2":{"start":{"line":3,"column":0},"end":{"line":3,"column":34}},"3":{"start":{"line":4,"column":0},"end":{"line":4,"column":3}},"4":{"start":{"line":5,"column":0},"end":{"line":5,"column":1}}},"s":{"0":1,"1":1,"2":1,"3":1,"4":1},"branchMap":{"0":{"type":"branch","line":2,"loc":{"start":{"line":2,"column":2},"end":{"line":4,"column":3}},"locations":[{"start":{"line":2,"column":2},"end":{"line":4,"column":3}}]}},"b":{"0":[1]},"fnMap":{"0":{"name":"MaxDistanceError","decl":{"start":{"line":2,"column":2},"end":{"line":4,"column":3}},"loc":{"start":{"line":2,"column":2},"end":{"line":4,"column":3}},"line":2}},"f":{"0":1}}
,"/Users/mac/Documents/Rocketseat/03-api-solid/src/use-cases/errors/max-number-of-check-ins-error.ts": {"path":"/Users/mac/Documents/Rocketseat/03-api-solid/src/use-cases/errors/max-number-of-check-ins-error.ts","all":false,"statementMap":{"0":{"start":{"line":1,"column":0},"end":{"line":1,"column":53}},"1":{"start":{"line":2,"column":0},"end":{"line":2,"column":17}},"2":{"start":{"line":3,"column":0},"end":{"line":3,"column":45}},"3":{"start":{"line":4,"column":0},"end":{"line":4,"column":3}},"4":{"start":{"line":5,"column":0},"end":{"line":5,"column":1}}},"s":{"0":1,"1":1,"2":1,"3":1,"4":1},"branchMap":{"0":{"type":"branch","line":2,"loc":{"start":{"line":2,"column":2},"end":{"line":4,"column":3}},"locations":[{"start":{"line":2,"column":2},"end":{"line":4,"column":3}}]}},"b":{"0":[1]},"fnMap":{"0":{"name":"MaxNumberOfCheckInsError","decl":{"start":{"line":2,"column":2},"end":{"line":4,"column":3}},"loc":{"start":{"line":2,"column":2},"end":{"line":4,"column":3}},"line":2}},"f":{"0":1}}
,"/Users/mac/Documents/Rocketseat/03-api-solid/src/use-cases/errors/resource-not-found-error.ts": {"path":"/Users/mac/Documents/Rocketseat/03-api-solid/src/use-cases/errors/resource-not-found-error.ts","all":false,"statementMap":{"0":{"start":{"line":1,"column":0},"end":{"line":1,"column":50}},"1":{"start":{"line":2,"column":0},"end":{"line":2,"column":17}},"2":{"start":{"line":3,"column":0},"end":{"line":3,"column":32}},"3":{"start":{"line":4,"column":0},"end":{"line":4,"column":3}},"4":{"start":{"line":5,"column":0},"end":{"line":5,"column":1}}},"s":{"0":1,"1":1,"2":1,"3":1,"4":1},"branchMap":{"0":{"type":"branch","line":2,"loc":{"start":{"line":2,"column":2},"end":{"line":4,"column":3}},"locations":[{"start":{"line":2,"column":2},"end":{"line":4,"column":3}}]}},"b":{"0":[1]},"fnMap":{"0":{"name":"ResourceNotFoundError","decl":{"start":{"line":2,"column":2},"end":{"line":4,"column":3}},"loc":{"start":{"line":2,"column":2},"end":{"line":4,"column":3}},"line":2}},"f":{"0":1}}
,"/Users/mac/Documents/Rocketseat/03-api-solid/src/use-cases/errors/user-already-exists.ts": {"path":"/Users/mac/Documents/Rocketseat/03-api-solid/src/use-cases/errors/user-already-exists.ts","all":false,"statementMap":{"0":{"start":{"line":1,"column":0},"end":{"line":1,"column":51}},"1":{"start":{"line":2,"column":0},"end":{"line":2,"column":17}},"2":{"start":{"line":3,"column":0},"end":{"line":3,"column":35}},"3":{"start":{"line":4,"column":0},"end":{"line":4,"column":3}},"4":{"start":{"line":5,"column":0},"end":{"line":5,"column":1}}},"s":{"0":1,"1":1,"2":1,"3":1,"4":1},"branchMap":{"0":{"type":"branch","line":2,"loc":{"start":{"line":2,"column":2},"end":{"line":4,"column":3}},"locations":[{"start":{"line":2,"column":2},"end":{"line":4,"column":3}}]}},"b":{"0":[1]},"fnMap":{"0":{"name":"UserAlreadyExistsError","decl":{"start":{"line":2,"column":2},"end":{"line":4,"column":3}},"loc":{"start":{"line":2,"column":2},"end":{"line":4,"column":3}},"line":2}},"f":{"0":1}}
,"/Users/mac/Documents/Rocketseat/03-api-solid/src/use-cases/utils/get-distance-between-coordinates.ts": {"path":"/Users/mac/Documents/Rocketseat/03-api-solid/src/use-cases/utils/get-distance-between-coordinates.ts","all":false,"statementMap":{"0":{"start":{"line":1,"column":0},"end":{"line":1,"column":29}},"1":{"start":{"line":2,"column":0},"end":{"line":2,"column":19}},"2":{"start":{"line":3,"column":0},"end":{"line":3,"column":20}},"3":{"start":{"line":4,"column":0},"end":{"line":4,"column":1}},"4":{"start":{"line":5,"column":0},"end":{"line":5,"column":0}},"5":{"start":{"line":6,"column":0},"end":{"line":6,"column":46}},"6":{"start":{"line":7,"column":0},"end":{"line":7,"column":19}},"7":{"start":{"line":8,"column":0},"end":{"line":8,"column":16}},"8":{"start":{"line":9,"column":0},"end":{"line":9,"column":3}},"9":{"start":{"line":10,"column":0},"end":{"line":10,"column":73}},"10":{"start":{"line":11,"column":0},"end":{"line":11,"column":13}},"11":{"start":{"line":12,"column":0},"end":{"line":12,"column":3}},"12":{"start":{"line":13,"column":0},"end":{"line":13,"column":0}},"13":{"start":{"line":14,"column":0},"end":{"line":14,"column":53}},"14":{"start":{"line":15,"column":0},"end":{"line":15,"column":49}},"15":{"start":{"line":16,"column":0},"end":{"line":16,"column":0}},"16":{"start":{"line":17,"column":0},"end":{"line":17,"column":46}},"17":{"start":{"line":18,"column":0},"end":{"line":18,"column":43}},"18":{"start":{"line":19,"column":0},"end":{"line":19,"column":0}},"19":{"start":{"line":20,"column":0},"end":{"line":20,"column":12}},"20":{"start":{"line":21,"column":0},"end":{"line":21,"column":47}},"21":{"start":{"line":22,"column":0},"end":{"line":22,"column":67}},"22":{"start":{"line":23,"column":0},"end":{"line":23,"column":0}},"23":{"start":{"line":24,"column":0},"end":{"line":24,"column":17}},"24":{"start":{"line":25,"column":0},"end":{"line":25,"column":13}},"25":{"start":{"line":26,"column":0},"end":{"line":26,"column":3}},"26":{"start":{"line":27,"column":0},"end":{"line":27,"column":0}},"27":{"start":{"line":28,"column":0},"end":{"line":28,"column":25}},"28":{"start":{"line":29,"column":0},"end":{"line":29,"column":32}},"29":{"start":{"line":30,"column":0},"end":{"line":30,"column":28}},"30":{"start":{"line":31,"column":0},"end":{"line":31,"column":25}},"31":{"start":{"line":32,"column":0},"end":{"line":32,"column":0}},"32":{"start":{"line":33,"column":0},"end":{"line":33,"column":14}},"33":{"start":{"line":34,"column":0},"end":{"line":34,"column":1}}},"s":{"0":1,"1":1,"2":1,"3":1,"4":1,"5":1,"6":6,"7":6,"8":6,"9":6,"10":5,"11":5,"12":1,"13":1,"14":1,"15":1,"16":1,"17":1,"18":1,"19":1,"20":1,"21":1,"22":1,"23":6,"24":0,"25":0,"26":1,"27":1,"28":1,"29":1,"30":1,"31":1,"32":1,"33":1},"branchMap":{"0":{"type":"branch","line":6,"loc":{"start":{"line":6,"column":7},"end":{"line":34,"column":1}},"locations":[{"start":{"line":6,"column":7},"end":{"line":34,"column":1}}]},"1":{"type":"branch","line":10,"loc":{"start":{"line":10,"column":27},"end":{"line":10,"column":72}},"locations":[{"start":{"line":10,"column":27},"end":{"line":10,"column":72}}]},"2":{"type":"branch","line":10,"loc":{"start":{"line":10,"column":72},"end":{"line":12,"column":3}},"locations":[{"start":{"line":10,"column":72},"end":{"line":12,"column":3}}]},"3":{"type":"branch","line":12,"loc":{"start":{"line":12,"column":2},"end":{"line":24,"column":16}},"locations":[{"start":{"line":12,"column":2},"end":{"line":24,"column":16}}]},"4":{"type":"branch","line":24,"loc":{"start":{"line":24,"column":16},"end":{"line":26,"column":3}},"locations":[{"start":{"line":24,"column":16},"end":{"line":26,"column":3}}]},"5":{"type":"branch","line":26,"loc":{"start":{"line":26,"column":2},"end":{"line":34,"column":1}},"locations":[{"start":{"line":26,"column":2},"end":{"line":34,"column":1}}]}},"b":{"0":[6],"1":[5],"2":[5],"3":[1],"4":[0],"5":[1]},"fnMap":{"0":{"name":"getDistanceBetweenCoordinates","decl":{"start":{"line":6,"column":7},"end":{"line":34,"column":1}},"loc":{"start":{"line":6,"column":7},"end":{"line":34,"column":1}},"line":6}},"f":{"0":6}}
}
