TN:
SF:src/repositories/in-memory/in-memory-check-ins-repository.ts
FN:6,InMemoryCheckInsRepository
FN:9,findByUserIdOnDate
FN:26,findManyByUserId
FN:32,findById
FN:42,countByUserId
FN:46,create
FN:58,save
FNF:7
FNH:7
FNDA:10,InMemoryCheckInsRepository
FNDA:5,findByUserIdOnDate
FNDA:2,findManyByUserId
FNDA:3,findById
FNDA:1,countByUserId
FNDA:32,create
FNDA:1,save
DA:1,1
DA:2,1
DA:3,1
DA:4,1
DA:5,1
DA:6,1
DA:7,10
DA:8,1
DA:9,1
DA:10,5
DA:11,5
DA:12,5
DA:13,5
DA:14,2
DA:15,2
DA:16,2
DA:17,2
DA:18,5
DA:19,5
DA:20,5
DA:21,4
DA:22,4
DA:23,1
DA:24,5
DA:25,1
DA:26,1
DA:27,2
DA:28,2
DA:29,2
DA:30,2
DA:31,1
DA:32,1
DA:33,3
DA:34,3
DA:35,3
DA:36,1
DA:37,1
DA:38,2
DA:39,2
DA:40,3
DA:41,1
DA:42,1
DA:43,1
DA:44,1
DA:45,1
DA:46,1
DA:47,32
DA:48,32
DA:49,32
DA:50,32
DA:51,32
DA:52,32
DA:53,32
DA:54,32
DA:55,32
DA:56,32
DA:57,32
DA:58,1
DA:59,1
DA:60,1
DA:61,1
DA:62,1
DA:63,1
DA:64,1
DA:65,1
DA:66,1
DA:67,1
LF:67
LH:67
BRDA:6,0,0,10
BRDA:9,1,0,5
BRDA:20,2,0,4
BRDA:22,3,0,1
BRDA:13,4,0,2
BRDA:16,5,0,1
BRDA:26,6,0,2
BRDA:28,7,0,24
BRDA:32,8,0,3
BRDA:35,9,0,1
BRDA:37,10,0,2
BRDA:33,11,0,2
BRDA:42,12,0,1
BRDA:43,13,0,2
BRDA:46,14,0,32
BRDA:51,15,0,0
BRDA:58,16,0,1
BRDA:59,17,0,1
BRF:18
BRH:17
end_of_record
TN:
SF:src/repositories/in-memory/in-memory-gyms-repository.ts
FN:7,InMemoryGymsRepository
FN:9,findById
FN:18,searchMany
FN:24,findManyNearby
FN:41,create
FNF:5
FNH:5
FNDA:8,InMemoryGymsRepository
FNDA:6,findById
FNDA:2,searchMany
FNDA:1,findManyNearby
FNDA:31,create
DA:1,1
DA:2,1
DA:3,1
DA:4,1
DA:5,1
DA:6,1
DA:7,1
DA:8,8
DA:9,1
DA:10,6
DA:11,6
DA:12,6
DA:13,0
DA:14,0
DA:15,6
DA:16,6
DA:17,1
DA:18,1
DA:19,2
DA:20,2
DA:21,2
DA:22,2
DA:23,1
DA:24,1
DA:25,1
DA:26,2
DA:27,2
DA:28,2
DA:29,2
DA:30,2
DA:31,2
DA:32,2
DA:33,2
DA:34,2
DA:35,2
DA:36,2
DA:37,2
DA:38,1
DA:39,1
DA:40,1
DA:41,1
DA:42,31
DA:43,31
DA:44,31
DA:45,31
DA:46,31
DA:47,31
DA:48,31
DA:49,31
DA:50,31
DA:51,31
DA:52,31
DA:53,31
DA:54,31
DA:55,1
LF:55
LH:53
BRDA:7,0,0,8
BRDA:9,1,0,6
BRDA:12,2,0,0
BRDA:10,3,0,7
BRDA:18,4,0,2
BRDA:20,5,0,24
BRDA:24,6,0,1
BRDA:25,7,0,2
BRDA:41,8,0,31
BRDA:43,9,0,27
BRDA:45,10,0,27
BRDA:46,11,0,27
BRF:12
BRH:11
end_of_record
TN:
SF:src/repositories/in-memory/in-memory-users-repository.ts
FN:5,InMemoryUsersRepository
FN:7,findById
FN:16,findByEmail
FN:25,create
FNF:4
FNH:4
FNDA:8,InMemoryUsersRepository
FNDA:2,findById
FNDA:7,findByEmail
FNDA:6,create
DA:1,1
DA:2,1
DA:3,1
DA:4,1
DA:5,1
DA:6,8
DA:7,1
DA:8,2
DA:9,2
DA:10,2
DA:11,1
DA:12,1
DA:13,1
DA:14,2
DA:15,1
DA:16,1
DA:17,7
DA:18,7
DA:19,7
DA:20,4
DA:21,4
DA:22,3
DA:23,7
DA:24,1
DA:25,1
DA:26,6
DA:27,6
DA:28,6
DA:29,6
DA:30,6
DA:31,6
DA:32,6
DA:33,6
DA:34,6
DA:35,6
DA:36,6
DA:37,1
LF:37
LH:37
BRDA:5,0,0,8
BRDA:7,1,0,2
BRDA:10,2,0,1
BRDA:8,3,0,1
BRDA:16,4,0,7
BRDA:19,5,0,4
BRDA:21,6,0,3
BRDA:17,7,0,3
BRDA:25,8,0,6
BRF:9
BRH:9
end_of_record
TN:
SF:src/use-cases/authenticate.ts
FN:15,AuthenticateUseCase
FN:17,execute
FNF:2
FNH:2
FNDA:3,AuthenticateUseCase
FNDA:3,execute
DA:1,1
DA:2,1
DA:3,1
DA:4,1
DA:5,1
DA:6,1
DA:7,1
DA:8,1
DA:9,1
DA:10,1
DA:11,1
DA:12,1
DA:13,1
DA:14,1
DA:15,1
DA:16,1
DA:17,1
DA:18,3
DA:19,3
DA:20,3
DA:21,3
DA:22,3
DA:23,3
DA:24,3
DA:25,1
DA:26,1
DA:27,2
DA:28,2
DA:29,2
DA:30,2
DA:31,3
DA:32,1
DA:33,1
DA:34,1
DA:35,1
DA:36,1
DA:37,1
DA:38,3
DA:39,1
LF:39
LH:39
BRDA:15,0,0,3
BRDA:17,1,0,3
BRDA:24,2,0,1
BRDA:26,3,0,2
BRDA:31,4,0,1
BRF:5
BRH:5
end_of_record
TN:
SF:src/use-cases/check-in.ts
FN:21,CheckInUseCase
FN:26,execute
FNF:2
FNH:2
FNDA:4,CheckInUseCase
FNDA:6,execute
DA:1,1
DA:2,1
DA:3,1
DA:4,1
DA:5,1
DA:6,1
DA:7,1
DA:8,1
DA:9,1
DA:10,1
DA:11,1
DA:12,1
DA:13,1
DA:14,1
DA:15,1
DA:16,1
DA:17,1
DA:18,1
DA:19,1
DA:20,1
DA:21,1
DA:22,4
DA:23,4
DA:24,4
DA:25,1
DA:26,1
DA:27,6
DA:28,6
DA:29,6
DA:30,6
DA:31,6
DA:32,6
DA:33,6
DA:34,6
DA:35,0
DA:36,0
DA:37,6
DA:38,6
DA:39,6
DA:40,6
DA:41,6
DA:42,6
DA:43,6
DA:44,6
DA:45,6
DA:46,6
DA:47,6
DA:48,6
DA:49,6
DA:50,6
DA:51,6
DA:52,1
DA:53,1
DA:54,5
DA:55,5
DA:56,5
DA:57,5
DA:58,5
DA:59,6
DA:60,1
DA:61,1
DA:62,4
DA:63,4
DA:64,4
DA:65,4
DA:66,4
DA:67,4
DA:68,4
DA:69,4
DA:70,6
DA:71,1
LF:71
LH:69
BRDA:21,0,0,4
BRDA:26,1,0,6
BRDA:34,2,0,0
BRDA:51,3,0,1
BRDA:53,4,0,5
BRDA:59,5,0,1
BRDA:61,6,0,4
BRF:7
BRH:6
end_of_record
TN:
SF:src/use-cases/create-gym.ts
FN:16,CreateGymUseCase
FN:18,execute
FNF:2
FNH:2
FNDA:1,CreateGymUseCase
FNDA:1,execute
DA:1,1
DA:2,1
DA:3,1
DA:4,1
DA:5,1
DA:6,1
DA:7,1
DA:8,1
DA:9,1
DA:10,1
DA:11,1
DA:12,1
DA:13,1
DA:14,1
DA:15,1
DA:16,1
DA:17,1
DA:18,1
DA:19,1
DA:20,1
DA:21,1
DA:22,1
DA:23,1
DA:24,1
DA:25,1
DA:26,1
DA:27,1
DA:28,1
DA:29,1
DA:30,1
DA:31,1
DA:32,1
DA:33,1
DA:34,1
DA:35,1
DA:36,1
LF:36
LH:36
BRDA:16,0,0,1
BRDA:18,1,0,1
BRF:2
BRH:2
end_of_record
TN:
SF:src/use-cases/fetch-nearby-gyms.ts
FN:13,FetchNearbyGymsUseCase
FN:15,execute
FNF:2
FNH:2
FNDA:1,FetchNearbyGymsUseCase
FNDA:1,execute
DA:1,1
DA:2,1
DA:3,1
DA:4,1
DA:5,1
DA:6,1
DA:7,1
DA:8,1
DA:9,1
DA:10,1
DA:11,1
DA:12,1
DA:13,1
DA:14,1
DA:15,1
DA:16,1
DA:17,1
DA:18,1
DA:19,1
DA:20,1
DA:21,1
DA:22,1
DA:23,1
DA:24,1
DA:25,1
DA:26,1
DA:27,1
LF:27
LH:27
BRDA:13,0,0,1
BRDA:15,1,0,1
BRF:2
BRH:2
end_of_record
TN:
SF:src/use-cases/fetch-user-check-ins-history.ts
FN:14,FetchUserCheckInsHistoryUseCase
FN:16,execute
FNF:2
FNH:2
FNDA:2,FetchUserCheckInsHistoryUseCase
FNDA:2,execute
DA:1,1
DA:2,1
DA:3,1
DA:4,1
DA:5,1
DA:6,1
DA:7,1
DA:8,1
DA:9,1
DA:10,1
DA:11,1
DA:12,1
DA:13,1
DA:14,1
DA:15,1
DA:16,1
DA:17,2
DA:18,2
DA:19,2
DA:20,2
DA:21,2
DA:22,2
DA:23,2
DA:24,2
DA:25,2
DA:26,2
DA:27,2
DA:28,2
DA:29,1
LF:29
LH:29
BRDA:14,0,0,2
BRDA:16,1,0,2
BRF:2
BRH:2
end_of_record
TN:
SF:src/use-cases/get-user-metrics.ts
FN:12,GetUserMetricsUseCase
FN:14,execute
FNF:2
FNH:2
FNDA:1,GetUserMetricsUseCase
FNDA:1,execute
DA:1,1
DA:2,1
DA:3,1
DA:4,1
DA:5,1
DA:6,1
DA:7,1
DA:8,1
DA:9,1
DA:10,1
DA:11,1
DA:12,1
DA:13,1
DA:14,1
DA:15,1
DA:16,1
DA:17,1
DA:18,1
DA:19,1
DA:20,1
DA:21,1
DA:22,1
DA:23,1
LF:23
LH:23
BRDA:12,0,0,1
BRDA:14,1,0,1
BRF:2
BRH:2
end_of_record
TN:
SF:src/use-cases/get-user-profile.ts
FN:13,GetUserProfileUseCase
FN:15,execute
FNF:2
FNH:2
FNDA:2,GetUserProfileUseCase
FNDA:2,execute
DA:1,1
DA:2,1
DA:3,1
DA:4,1
DA:5,1
DA:6,1
DA:7,1
DA:8,1
DA:9,1
DA:10,1
DA:11,1
DA:12,1
DA:13,1
DA:14,1
DA:15,1
DA:16,2
DA:17,2
DA:18,2
DA:19,2
DA:20,2
DA:21,1
DA:22,1
DA:23,1
DA:24,1
DA:25,1
DA:26,1
DA:27,2
DA:28,1
LF:28
LH:28
BRDA:13,0,0,2
BRDA:15,1,0,2
BRDA:20,2,0,1
BRF:3
BRH:3
end_of_record
TN:
SF:src/use-cases/register.ts
FN:16,RegisterUseCase
FN:18,execute
FNF:2
FNH:2
FNDA:3,RegisterUseCase
FNDA:4,execute
DA:1,1
DA:2,1
DA:3,1
DA:4,1
DA:5,1
DA:6,1
DA:7,1
DA:8,1
DA:9,1
DA:10,1
DA:11,1
DA:12,1
DA:13,1
DA:14,1
DA:15,1
DA:16,1
DA:17,1
DA:18,1
DA:19,4
DA:20,4
DA:21,4
DA:22,4
DA:23,4
DA:24,4
DA:25,4
DA:26,4
DA:27,4
DA:28,1
DA:29,1
DA:30,3
DA:31,3
DA:32,3
DA:33,3
DA:34,3
DA:35,3
DA:36,3
DA:37,3
DA:38,3
DA:39,4
DA:40,1
LF:40
LH:40
BRDA:16,0,0,3
BRDA:18,1,0,4
BRDA:27,2,0,1
BRDA:29,3,0,3
BRF:4
BRH:4
end_of_record
TN:
SF:src/use-cases/search-gyms.ts
FN:13,SearchGymsUseCase
FN:15,execute
FNF:2
FNH:2
FNDA:2,SearchGymsUseCase
FNDA:2,execute
DA:1,1
DA:2,1
DA:3,1
DA:4,1
DA:5,1
DA:6,1
DA:7,1
DA:8,1
DA:9,1
DA:10,1
DA:11,1
DA:12,1
DA:13,1
DA:14,1
DA:15,1
DA:16,2
DA:17,2
DA:18,2
DA:19,2
DA:20,2
DA:21,2
DA:22,2
DA:23,2
DA:24,1
LF:24
LH:24
BRDA:13,0,0,2
BRDA:15,1,0,2
BRF:2
BRH:2
end_of_record
TN:
SF:src/use-cases/validate-check-in.ts
FN:16,ValidateCheckInUseCase
FN:18,execute
FNF:2
FNH:2
FNDA:3,ValidateCheckInUseCase
FNDA:3,execute
DA:1,1
DA:2,1
DA:3,1
DA:4,1
DA:5,1
DA:6,1
DA:7,1
DA:8,1
DA:9,1
DA:10,1
DA:11,1
DA:12,1
DA:13,1
DA:14,1
DA:15,1
DA:16,1
DA:17,1
DA:18,1
DA:19,3
DA:20,3
DA:21,3
DA:22,3
DA:23,3
DA:24,1
DA:25,1
DA:26,2
DA:27,2
DA:28,2
DA:29,2
DA:30,2
DA:31,2
DA:32,3
DA:33,1
DA:34,1
DA:35,1
DA:36,1
DA:37,1
DA:38,1
DA:39,1
DA:40,1
DA:41,1
DA:42,1
DA:43,3
DA:44,1
LF:44
LH:44
BRDA:16,0,0,3
BRDA:18,1,0,3
BRDA:23,2,0,1
BRDA:25,3,0,2
BRDA:32,4,0,1
BRF:5
BRH:5
end_of_record
TN:
SF:src/use-cases/errors/invalid-credentials-error.ts
FN:2,InvalidCredentialsError
FNF:1
FNH:1
FNDA:2,InvalidCredentialsError
DA:1,1
DA:2,1
DA:3,2
DA:4,2
DA:5,1
LF:5
LH:5
BRDA:2,0,0,2
BRF:1
BRH:1
end_of_record
TN:
SF:src/use-cases/errors/late-check-in-validation-error.ts
FN:2,LateCheckInValidationError
FNF:1
FNH:1
FNDA:1,LateCheckInValidationError
DA:1,1
DA:2,1
DA:3,1
DA:4,1
DA:5,1
DA:6,1
DA:7,1
LF:7
LH:7
BRDA:2,0,0,1
BRF:1
BRH:1
end_of_record
TN:
SF:src/use-cases/errors/max-distance-error.ts
FN:2,MaxDistanceError
FNF:1
FNH:1
FNDA:1,MaxDistanceError
DA:1,1
DA:2,1
DA:3,1
DA:4,1
DA:5,1
LF:5
LH:5
BRDA:2,0,0,1
BRF:1
BRH:1
end_of_record
TN:
SF:src/use-cases/errors/max-number-of-check-ins-error.ts
FN:2,MaxNumberOfCheckInsError
FNF:1
FNH:1
FNDA:1,MaxNumberOfCheckInsError
DA:1,1
DA:2,1
DA:3,1
DA:4,1
DA:5,1
LF:5
LH:5
BRDA:2,0,0,1
BRF:1
BRH:1
end_of_record
TN:
SF:src/use-cases/errors/resource-not-found-error.ts
FN:2,ResourceNotFoundError
FNF:1
FNH:1
FNDA:2,ResourceNotFoundError
DA:1,1
DA:2,1
DA:3,2
DA:4,2
DA:5,1
LF:5
LH:5
BRDA:2,0,0,2
BRF:1
BRH:1
end_of_record
TN:
SF:src/use-cases/errors/user-already-exists.ts
FN:2,UserAlreadyExistsError
FNF:1
FNH:1
FNDA:1,UserAlreadyExistsError
DA:1,1
DA:2,1
DA:3,1
DA:4,1
DA:5,1
LF:5
LH:5
BRDA:2,0,0,1
BRF:1
BRH:1
end_of_record
TN:
SF:src/utils/get-distance-between-coordinates.ts
FN:6,getDistanceBetweenCoordinates
FNF:1
FNH:1
FNDA:8,getDistanceBetweenCoordinates
DA:1,1
DA:2,1
DA:3,1
DA:4,1
DA:5,1
DA:6,1
DA:7,8
DA:8,8
DA:9,8
DA:10,8
DA:11,6
DA:12,6
DA:13,2
DA:14,2
DA:15,2
DA:16,2
DA:17,2
DA:18,2
DA:19,2
DA:20,2
DA:21,2
DA:22,2
DA:23,2
DA:24,8
DA:25,0
DA:26,0
DA:27,2
DA:28,2
DA:29,2
DA:30,2
DA:31,2
DA:32,2
DA:33,2
DA:34,2
LF:34
LH:32
BRDA:6,0,0,8
BRDA:10,1,0,6
BRDA:10,2,0,7
BRDA:10,3,0,6
BRDA:12,4,0,2
BRDA:24,5,0,0
BRDA:26,6,0,2
BRF:7
BRH:6
end_of_record
